<?xml version="1.0"?>
<!DOCTYPE coverage SYSTEM "http://cobertura.sourceforge.net/xml/coverage-04.dtd">

<coverage line-rate="0.8787878787878788" branch-rate="0.7666666666666667" lines-covered="87" lines-valid="99" branches-covered="46" branches-valid="60" complexity="2.48" version="2.1.1" timestamp="1528210076902">
	<sources>
		<source>--source</source>
		<source>/home/kevberja/git/Sesion07kcv239/target/generated-sources/annotations</source>
		<source>/home/kevberja/git/Sesion07kcv239/src</source>
	</sources>
	<packages>
		<package name="ual.hmis.sesion05.ejercicio1" line-rate="1.0" branch-rate="1.0" complexity="5.0">
			<classes>
				<class name="ual.hmis.sesion05.ejercicio1.Ejercicio1" filename="ual/hmis/sesion05/ejercicio1/Ejercicio1.java" line-rate="1.0" branch-rate="1.0" complexity="5.0">
					<methods>
						<method name="&lt;init&gt;" signature="()V" line-rate="1.0" branch-rate="1.0" complexity="0">
							<lines>
								<line number="2" hits="10" branch="false"/>
							</lines>
						</method>
						<method name="transformar" signature="(I)I" line-rate="1.0" branch-rate="1.0" complexity="0">
							<lines>
								<line number="5" hits="42" branch="false"/>
								<line number="6" hits="42" branch="true" condition-coverage="100% (2/2)">
									<conditions>
										<condition number="0" type="jump" coverage="100%"/>
									</conditions>
								</line>
								<line number="7" hits="6" branch="false"/>
								<line number="8" hits="36" branch="true" condition-coverage="100% (2/2)">
									<conditions>
										<condition number="0" type="jump" coverage="100%"/>
									</conditions>
								</line>
								<line number="9" hits="9" branch="false"/>
								<line number="10" hits="27" branch="true" condition-coverage="100% (2/2)">
									<conditions>
										<condition number="0" type="jump" coverage="100%"/>
									</conditions>
								</line>
								<line number="11" hits="12" branch="false"/>
								<line number="12" hits="15" branch="false"/>
								<line number="14" hits="27" branch="false"/>
							</lines>
						</method>
					</methods>
					<lines>
						<line number="2" hits="10" branch="false"/>
						<line number="5" hits="42" branch="false"/>
						<line number="6" hits="42" branch="true" condition-coverage="100% (2/2)">
							<conditions>
								<condition number="0" type="jump" coverage="100%"/>
							</conditions>
						</line>
						<line number="7" hits="6" branch="false"/>
						<line number="8" hits="36" branch="true" condition-coverage="100% (2/2)">
							<conditions>
								<condition number="0" type="jump" coverage="100%"/>
							</conditions>
						</line>
						<line number="9" hits="9" branch="false"/>
						<line number="10" hits="27" branch="true" condition-coverage="100% (2/2)">
							<conditions>
								<condition number="0" type="jump" coverage="100%"/>
							</conditions>
						</line>
						<line number="11" hits="12" branch="false"/>
						<line number="12" hits="15" branch="false"/>
						<line number="14" hits="27" branch="false"/>
					</lines>
				</class>
			</classes>
		</package>
		<package name="ual.hmis.sesion05.ejercicio2" line-rate="0.8888888888888888" branch-rate="0.75" complexity="5.5">
			<classes>
				<class name="ual.hmis.sesion05.ejercicio2.Ejercicio2" filename="ual/hmis/sesion05/ejercicio2/Ejercicio2.java" line-rate="0.8888888888888888" branch-rate="0.75" complexity="5.5">
					<methods>
						<method name="&lt;init&gt;" signature="()V" line-rate="1.0" branch-rate="1.0" complexity="0">
							<lines>
								<line number="2" hits="10" branch="false"/>
							</lines>
						</method>
						<method name="compruebaLoginEnBD" signature="(Ljava/lang/String;Ljava/lang/String;)Z" line-rate="1.0" branch-rate="0.75" complexity="0">
							<lines>
								<line number="19" hits="6" branch="true" condition-coverage="75% (3/4)">
									<conditions>
										<condition number="0" type="jump" coverage="100%"/>
										<condition number="1" type="jump" coverage="50%"/>
									</conditions>
								</line>
								<line number="20" hits="2" branch="false"/>
								<line number="22" hits="4" branch="false"/>
							</lines>
						</method>
						<method name="login" signature="(Ljava/lang/String;Ljava/lang/String;)Z" line-rate="0.8" branch-rate="0.75" complexity="0">
							<lines>
								<line number="6" hits="10" branch="true" condition-coverage="100% (4/4)">
									<conditions>
										<condition number="0" type="jump" coverage="100%"/>
										<condition number="1" type="jump" coverage="100%"/>
									</conditions>
								</line>
								<line number="7" hits="4" branch="false"/>
								<line number="10" hits="6" branch="true" condition-coverage="50% (2/4)">
									<conditions>
										<condition number="0" type="jump" coverage="50%"/>
										<condition number="1" type="jump" coverage="50%"/>
									</conditions>
								</line>
								<line number="11" hits="0" branch="false"/>
								<line number="14" hits="6" branch="false"/>
							</lines>
						</method>
					</methods>
					<lines>
						<line number="2" hits="10" branch="false"/>
						<line number="6" hits="10" branch="true" condition-coverage="100% (4/4)">
							<conditions>
								<condition number="0" type="jump" coverage="100%"/>
								<condition number="1" type="jump" coverage="100%"/>
							</conditions>
						</line>
						<line number="7" hits="4" branch="false"/>
						<line number="10" hits="6" branch="true" condition-coverage="50% (2/4)">
							<conditions>
								<condition number="0" type="jump" coverage="50%"/>
								<condition number="1" type="jump" coverage="50%"/>
							</conditions>
						</line>
						<line number="11" hits="0" branch="false"/>
						<line number="14" hits="6" branch="false"/>
						<line number="19" hits="6" branch="true" condition-coverage="75% (3/4)">
							<conditions>
								<condition number="0" type="jump" coverage="100%"/>
								<condition number="1" type="jump" coverage="50%"/>
							</conditions>
						</line>
						<line number="20" hits="2" branch="false"/>
						<line number="22" hits="4" branch="false"/>
					</lines>
				</class>
			</classes>
		</package>
		<package name="ual.hmis.sesion05.ejercicio3" line-rate="1.0" branch-rate="1.0" complexity="3.0">
			<classes>
				<class name="ual.hmis.sesion05.ejercicio3.Ejercicio3" filename="ual/hmis/sesion05/ejercicio3/Ejercicio3.java" line-rate="1.0" branch-rate="1.0" complexity="3.0">
					<methods>
						<method name="&lt;init&gt;" signature="()V" line-rate="1.0" branch-rate="1.0" complexity="0">
							<lines>
								<line number="2" hits="6" branch="false"/>
							</lines>
						</method>
						<method name="asteriscos" signature="(I)Ljava/lang/String;" line-rate="1.0" branch-rate="1.0" complexity="0">
							<lines>
								<line number="6" hits="6" branch="false"/>
								<line number="7" hits="6" branch="true" condition-coverage="100% (2/2)">
									<conditions>
										<condition number="0" type="jump" coverage="100%"/>
									</conditions>
								</line>
								<line number="8" hits="14" branch="true" condition-coverage="100% (2/2)">
									<conditions>
										<condition number="0" type="jump" coverage="100%"/>
									</conditions>
								</line>
								<line number="9" hits="10" branch="false"/>
								<line number="12" hits="2" branch="false"/>
								<line number="13" hits="6" branch="false"/>
							</lines>
						</method>
					</methods>
					<lines>
						<line number="2" hits="6" branch="false"/>
						<line number="6" hits="6" branch="false"/>
						<line number="7" hits="6" branch="true" condition-coverage="100% (2/2)">
							<conditions>
								<condition number="0" type="jump" coverage="100%"/>
							</conditions>
						</line>
						<line number="8" hits="14" branch="true" condition-coverage="100% (2/2)">
							<conditions>
								<condition number="0" type="jump" coverage="100%"/>
							</conditions>
						</line>
						<line number="9" hits="10" branch="false"/>
						<line number="12" hits="2" branch="false"/>
						<line number="13" hits="6" branch="false"/>
					</lines>
				</class>
			</classes>
		</package>
		<package name="ual.hmis.sesion05.ejercicio4" line-rate="1.0" branch-rate="0.8333333333333334" complexity="11.0">
			<classes>
				<class name="ual.hmis.sesion05.ejercicio4.Ejercicio4" filename="ual/hmis/sesion05/ejercicio4/Ejercicio4.java" line-rate="1.0" branch-rate="0.8333333333333334" complexity="11.0">
					<methods>
						<method name="&lt;init&gt;" signature="()V" line-rate="1.0" branch-rate="1.0" complexity="0">
							<lines>
								<line number="2" hits="10" branch="false"/>
							</lines>
						</method>
						<method name="comprobarEntrada" signature="(Ljava/lang/String;Ljava/lang/String;)Ljava/lang/String;" line-rate="1.0" branch-rate="0.8333333333333334" complexity="0">
							<lines>
								<line number="6" hits="10" branch="false"/>
								<line number="8" hits="10" branch="true" condition-coverage="75% (3/4)">
									<conditions>
										<condition number="0" type="jump" coverage="100%"/>
										<condition number="1" type="jump" coverage="50%"/>
									</conditions>
								</line>
								<line number="9" hits="2" branch="false"/>
								<line number="11" hits="8" branch="true" condition-coverage="50% (2/4)">
									<conditions>
										<condition number="0" type="jump" coverage="50%"/>
										<condition number="1" type="jump" coverage="50%"/>
									</conditions>
								</line>
								<line number="12" hits="32" branch="true" condition-coverage="100% (2/2)">
									<conditions>
										<condition number="0" type="jump" coverage="100%"/>
									</conditions>
								</line>
								<line number="13" hits="24" branch="false"/>
								<line number="14" hits="120" branch="true" condition-coverage="100% (2/2)">
									<conditions>
										<condition number="0" type="jump" coverage="100%"/>
									</conditions>
								</line>
								<line number="15" hits="96" branch="true" condition-coverage="100% (2/2)">
									<conditions>
										<condition number="0" type="jump" coverage="100%"/>
									</conditions>
								</line>
								<line number="16" hits="4" branch="false"/>
								<line number="18" hits="92" branch="true" condition-coverage="100% (4/4)">
									<conditions>
										<condition number="0" type="jump" coverage="100%"/>
										<condition number="1" type="jump" coverage="100%"/>
									</conditions>
								</line>
								<line number="19" hits="20" branch="false"/>
								<line number="26" hits="8" branch="false"/>
							</lines>
						</method>
					</methods>
					<lines>
						<line number="2" hits="10" branch="false"/>
						<line number="6" hits="10" branch="false"/>
						<line number="8" hits="10" branch="true" condition-coverage="75% (3/4)">
							<conditions>
								<condition number="0" type="jump" coverage="100%"/>
								<condition number="1" type="jump" coverage="50%"/>
							</conditions>
						</line>
						<line number="9" hits="2" branch="false"/>
						<line number="11" hits="8" branch="true" condition-coverage="50% (2/4)">
							<conditions>
								<condition number="0" type="jump" coverage="50%"/>
								<condition number="1" type="jump" coverage="50%"/>
							</conditions>
						</line>
						<line number="12" hits="32" branch="true" condition-coverage="100% (2/2)">
							<conditions>
								<condition number="0" type="jump" coverage="100%"/>
							</conditions>
						</line>
						<line number="13" hits="24" branch="false"/>
						<line number="14" hits="120" branch="true" condition-coverage="100% (2/2)">
							<conditions>
								<condition number="0" type="jump" coverage="100%"/>
							</conditions>
						</line>
						<line number="15" hits="96" branch="true" condition-coverage="100% (2/2)">
							<conditions>
								<condition number="0" type="jump" coverage="100%"/>
							</conditions>
						</line>
						<line number="16" hits="4" branch="false"/>
						<line number="18" hits="92" branch="true" condition-coverage="100% (4/4)">
							<conditions>
								<condition number="0" type="jump" coverage="100%"/>
								<condition number="1" type="jump" coverage="100%"/>
							</conditions>
						</line>
						<line number="19" hits="20" branch="false"/>
						<line number="26" hits="8" branch="false"/>
					</lines>
				</class>
			</classes>
		</package>
		<package name="ual.hmis.sesion05.ejercicio5" line-rate="1.0" branch-rate="1.0" complexity="6.0">
			<classes>
				<class name="ual.hmis.sesion05.ejercicio5.Ejercicio5" filename="ual/hmis/sesion05/ejercicio5/Ejercicio5.java" line-rate="1.0" branch-rate="1.0" complexity="6.0">
					<methods>
						<method name="&lt;init&gt;" signature="()V" line-rate="1.0" branch-rate="1.0" complexity="0">
							<lines>
								<line number="2" hits="6" branch="false"/>
							</lines>
						</method>
						<method name="subcadenahastaPunto" signature="(Ljava/lang/String;)Ljava/lang/String;" line-rate="1.0" branch-rate="1.0" complexity="0">
							<lines>
								<line number="5" hits="6" branch="true" condition-coverage="100% (2/2)">
									<conditions>
										<condition number="0" type="jump" coverage="100%"/>
									</conditions>
								</line>
								<line number="7" hits="2" branch="false"/>
								<line number="8" hits="2" branch="false"/>
								<line number="10" hits="12" branch="true" condition-coverage="100% (2/2)">
									<conditions>
										<condition number="0" type="jump" coverage="100%"/>
									</conditions>
								</line>
								<line number="11" hits="11" branch="true" condition-coverage="100% (2/2)">
									<conditions>
										<condition number="0" type="jump" coverage="100%"/>
									</conditions>
								</line>
								<line number="13" hits="1" branch="false"/>
							</lines>
						</method>
					</methods>
					<lines>
						<line number="2" hits="6" branch="false"/>
						<line number="5" hits="6" branch="true" condition-coverage="100% (2/2)">
							<conditions>
								<condition number="0" type="jump" coverage="100%"/>
							</conditions>
						</line>
						<line number="7" hits="2" branch="false"/>
						<line number="8" hits="2" branch="false"/>
						<line number="10" hits="12" branch="true" condition-coverage="100% (2/2)">
							<conditions>
								<condition number="0" type="jump" coverage="100%"/>
							</conditions>
						</line>
						<line number="11" hits="11" branch="true" condition-coverage="100% (2/2)">
							<conditions>
								<condition number="0" type="jump" coverage="100%"/>
							</conditions>
						</line>
						<line number="13" hits="1" branch="false"/>
					</lines>
				</class>
			</classes>
		</package>
		<package name="ual.hmis.sesion05.ejercicio6" line-rate="0.7924528301886793" branch-rate="0.42857142857142855" complexity="1.368421052631579">
			<classes>
				<class name="ual.hmis.sesion05.ejercicio6.Actividad" filename="ual/hmis/sesion05/ejercicio6/Actividad.java" line-rate="1.0" branch-rate="1.0" complexity="1.0">
					<methods>
						<method name="&lt;init&gt;" signature="()V" line-rate="1.0" branch-rate="1.0" complexity="0">
							<lines>
								<line number="5" hits="22" branch="false"/>
							</lines>
						</method>
						<method name="agregarEjercicioCalificado" signature="(Ljava/lang/String;D)V" line-rate="1.0" branch-rate="1.0" complexity="0">
							<lines>
								<line number="48" hits="33" branch="false"/>
								<line number="50" hits="33" branch="false"/>
								<line number="51" hits="33" branch="false"/>
								<line number="53" hits="33" branch="false"/>
								<line number="54" hits="33" branch="false"/>
							</lines>
						</method>
						<method name="getEjercicios" signature="()Ljava/util/ArrayList;" line-rate="1.0" branch-rate="1.0" complexity="0">
							<lines>
								<line number="22" hits="6" branch="false"/>
							</lines>
						</method>
						<method name="getNombre" signature="()Ljava/lang/String;" line-rate="1.0" branch-rate="1.0" complexity="0">
							<lines>
								<line number="14" hits="11" branch="false"/>
							</lines>
						</method>
						<method name="getPuntuacionTotal" signature="()D" line-rate="1.0" branch-rate="1.0" complexity="0">
							<lines>
								<line number="39" hits="1" branch="false"/>
							</lines>
						</method>
						<method name="isApta" signature="()Z" line-rate="1.0" branch-rate="1.0" complexity="0">
							<lines>
								<line number="30" hits="1" branch="false"/>
							</lines>
						</method>
						<method name="setApta" signature="(Z)V" line-rate="1.0" branch-rate="1.0" complexity="0">
							<lines>
								<line number="34" hits="11" branch="false"/>
								<line number="35" hits="11" branch="false"/>
							</lines>
						</method>
						<method name="setEjercicios" signature="(Ljava/util/ArrayList;)V" line-rate="1.0" branch-rate="1.0" complexity="0">
							<lines>
								<line number="26" hits="22" branch="false"/>
								<line number="27" hits="22" branch="false"/>
							</lines>
						</method>
						<method name="setNombre" signature="(Ljava/lang/String;)V" line-rate="1.0" branch-rate="1.0" complexity="0">
							<lines>
								<line number="18" hits="22" branch="false"/>
								<line number="19" hits="22" branch="false"/>
							</lines>
						</method>
						<method name="setPuntuacionTotal" signature="(D)V" line-rate="1.0" branch-rate="1.0" complexity="0">
							<lines>
								<line number="43" hits="5" branch="false"/>
								<line number="44" hits="5" branch="false"/>
							</lines>
						</method>
					</methods>
					<lines>
						<line number="5" hits="22" branch="false"/>
						<line number="14" hits="11" branch="false"/>
						<line number="18" hits="22" branch="false"/>
						<line number="19" hits="22" branch="false"/>
						<line number="22" hits="6" branch="false"/>
						<line number="26" hits="22" branch="false"/>
						<line number="27" hits="22" branch="false"/>
						<line number="30" hits="1" branch="false"/>
						<line number="34" hits="11" branch="false"/>
						<line number="35" hits="11" branch="false"/>
						<line number="39" hits="1" branch="false"/>
						<line number="43" hits="5" branch="false"/>
						<line number="44" hits="5" branch="false"/>
						<line number="48" hits="33" branch="false"/>
						<line number="50" hits="33" branch="false"/>
						<line number="51" hits="33" branch="false"/>
						<line number="53" hits="33" branch="false"/>
						<line number="54" hits="33" branch="false"/>
					</lines>
				</class>
				<class name="ual.hmis.sesion05.ejercicio6.Alumno" filename="ual/hmis/sesion05/ejercicio6/Alumno.java" line-rate="1.0" branch-rate="1.0" complexity="1.6">
					<methods>
						<method name="&lt;init&gt;" signature="()V" line-rate="1.0" branch-rate="1.0" complexity="0">
							<lines>
								<line number="5" hits="11" branch="false"/>
							</lines>
						</method>
						<method name="calcularNotaActividad" signature="(Ljava/lang/String;)D" line-rate="1.0" branch-rate="1.0" complexity="0">
							<lines>
								<line number="28" hits="7" branch="false"/>
								<line number="30" hits="7" branch="true" condition-coverage="100% (2/2)">
									<conditions>
										<condition number="0" type="jump" coverage="100%"/>
									</conditions>
								</line>
								<line number="31" hits="11" branch="true" condition-coverage="100% (2/2)">
									<conditions>
										<condition number="0" type="jump" coverage="100%"/>
									</conditions>
								</line>
								<line number="32" hits="5" branch="true" condition-coverage="100% (2/2)">
									<conditions>
										<condition number="0" type="jump" coverage="100%"/>
									</conditions>
								</line>
								<line number="33" hits="9" branch="false"/>
								<line number="34" hits="9" branch="false"/>
								<line number="35" hits="5" branch="false"/>
								<line number="36" hits="5" branch="false"/>
								<line number="38" hits="6" branch="false"/>
								<line number="39" hits="7" branch="false"/>
							</lines>
						</method>
						<method name="getActividadesAsignadas" signature="()Ljava/util/ArrayList;" line-rate="1.0" branch-rate="1.0" complexity="0">
							<lines>
								<line number="20" hits="2" branch="false"/>
							</lines>
						</method>
						<method name="getNombre" signature="()Ljava/lang/String;" line-rate="1.0" branch-rate="1.0" complexity="0">
							<lines>
								<line number="12" hits="1" branch="false"/>
							</lines>
						</method>
						<method name="setActividadesAsignadas" signature="(Ljava/util/ArrayList;)V" line-rate="1.0" branch-rate="1.0" complexity="0">
							<lines>
								<line number="24" hits="11" branch="false"/>
								<line number="25" hits="11" branch="false"/>
							</lines>
						</method>
						<method name="setNombre" signature="(Ljava/lang/String;)V" line-rate="1.0" branch-rate="1.0" complexity="0">
							<lines>
								<line number="16" hits="11" branch="false"/>
								<line number="17" hits="11" branch="false"/>
							</lines>
						</method>
					</methods>
					<lines>
						<line number="5" hits="11" branch="false"/>
						<line number="12" hits="1" branch="false"/>
						<line number="16" hits="11" branch="false"/>
						<line number="17" hits="11" branch="false"/>
						<line number="20" hits="2" branch="false"/>
						<line number="24" hits="11" branch="false"/>
						<line number="25" hits="11" branch="false"/>
						<line number="28" hits="7" branch="false"/>
						<line number="30" hits="7" branch="true" condition-coverage="100% (2/2)">
							<conditions>
								<condition number="0" type="jump" coverage="100%"/>
							</conditions>
						</line>
						<line number="31" hits="11" branch="true" condition-coverage="100% (2/2)">
							<conditions>
								<condition number="0" type="jump" coverage="100%"/>
							</conditions>
						</line>
						<line number="32" hits="5" branch="true" condition-coverage="100% (2/2)">
							<conditions>
								<condition number="0" type="jump" coverage="100%"/>
							</conditions>
						</line>
						<line number="33" hits="9" branch="false"/>
						<line number="34" hits="9" branch="false"/>
						<line number="35" hits="5" branch="false"/>
						<line number="36" hits="5" branch="false"/>
						<line number="38" hits="6" branch="false"/>
						<line number="39" hits="7" branch="false"/>
					</lines>
				</class>
				<class name="ual.hmis.sesion05.ejercicio6.Ejercicio" filename="ual/hmis/sesion05/ejercicio6/Ejercicio.java" line-rate="1.0" branch-rate="1.0" complexity="1.0">
					<methods>
						<method name="&lt;init&gt;" signature="()V" line-rate="1.0" branch-rate="1.0" complexity="0">
							<lines>
								<line number="3" hits="34" branch="false"/>
							</lines>
						</method>
						<method name="getNombre" signature="()Ljava/lang/String;" line-rate="1.0" branch-rate="1.0" complexity="0">
							<lines>
								<line number="9" hits="2" branch="false"/>
							</lines>
						</method>
						<method name="getPuntuacion" signature="()D" line-rate="1.0" branch-rate="1.0" complexity="0">
							<lines>
								<line number="17" hits="9" branch="false"/>
							</lines>
						</method>
						<method name="setNombre" signature="(Ljava/lang/String;)V" line-rate="1.0" branch-rate="1.0" complexity="0">
							<lines>
								<line number="13" hits="34" branch="false"/>
								<line number="14" hits="34" branch="false"/>
							</lines>
						</method>
						<method name="setPuntuacion" signature="(D)V" line-rate="1.0" branch-rate="1.0" complexity="0">
							<lines>
								<line number="21" hits="33" branch="false"/>
								<line number="22" hits="33" branch="false"/>
							</lines>
						</method>
					</methods>
					<lines>
						<line number="3" hits="34" branch="false"/>
						<line number="9" hits="2" branch="false"/>
						<line number="13" hits="34" branch="false"/>
						<line number="14" hits="34" branch="false"/>
						<line number="17" hits="9" branch="false"/>
						<line number="21" hits="33" branch="false"/>
						<line number="22" hits="33" branch="false"/>
					</lines>
				</class>
				<class name="ual.hmis.sesion05.ejercicio6.Profesor" filename="ual/hmis/sesion05/ejercicio6/Profesor.java" line-rate="0.0" branch-rate="0.0" complexity="5.0">
					<methods>
						<method name="&lt;init&gt;" signature="()V" line-rate="0.0" branch-rate="1.0" complexity="0">
							<lines>
								<line number="5" hits="0" branch="false"/>
							</lines>
						</method>
						<method name="calificarAlumnos" signature="()V" line-rate="0.0" branch-rate="0.0" complexity="0">
							<lines>
								<line number="11" hits="0" branch="true" condition-coverage="0% (0/2)">
									<conditions>
										<condition number="0" type="jump" coverage="0%"/>
									</conditions>
								</line>
								<line number="12" hits="0" branch="true" condition-coverage="0% (0/2)">
									<conditions>
										<condition number="0" type="jump" coverage="0%"/>
									</conditions>
								</line>
								<line number="13" hits="0" branch="false"/>
								<line number="14" hits="0" branch="true" condition-coverage="0% (0/2)">
									<conditions>
										<condition number="0" type="jump" coverage="0%"/>
									</conditions>
								</line>
								<line number="15" hits="0" branch="false"/>
								<line number="16" hits="0" branch="false"/>
								<line number="19" hits="0" branch="true" condition-coverage="0% (0/2)">
									<conditions>
										<condition number="0" type="jump" coverage="0%"/>
									</conditions>
								</line>
								<line number="20" hits="0" branch="false"/>
								<line number="22" hits="0" branch="false"/>
								<line number="25" hits="0" branch="false"/>
							</lines>
						</method>
					</methods>
					<lines>
						<line number="5" hits="0" branch="false"/>
						<line number="11" hits="0" branch="true" condition-coverage="0% (0/2)">
							<conditions>
								<condition number="0" type="jump" coverage="0%"/>
							</conditions>
						</line>
						<line number="12" hits="0" branch="true" condition-coverage="0% (0/2)">
							<conditions>
								<condition number="0" type="jump" coverage="0%"/>
							</conditions>
						</line>
						<line number="13" hits="0" branch="false"/>
						<line number="14" hits="0" branch="true" condition-coverage="0% (0/2)">
							<conditions>
								<condition number="0" type="jump" coverage="0%"/>
							</conditions>
						</line>
						<line number="15" hits="0" branch="false"/>
						<line number="16" hits="0" branch="false"/>
						<line number="19" hits="0" branch="true" condition-coverage="0% (0/2)">
							<conditions>
								<condition number="0" type="jump" coverage="0%"/>
							</conditions>
						</line>
						<line number="20" hits="0" branch="false"/>
						<line number="22" hits="0" branch="false"/>
						<line number="25" hits="0" branch="false"/>
					</lines>
				</class>
			</classes>
		</package>
	</packages>
</coverage>
